Started GET "/" for ::1 at 2023-05-25 09:12:48 -0300
Processing by PagesController#home as HTML
  Rendering layout layouts/application.html.erb
  Rendering pages/home.html.erb within layouts/application
  Rendered pages/home.html.erb within layouts/application (Duration: 0.8ms | Allocations: 443)
  Rendered layout layouts/application.html.erb (Duration: 199.2ms | Allocations: 66403)
Completed 200 OK in 213ms (Views: 201.8ms | ActiveRecord: 0.0ms | Allocations: 72983)


Started GET "/" for ::1 at 2023-05-25 09:27:13 -0300
Processing by PagesController#home as HTML
  Rendering layout layouts/application.html.erb
  Rendering pages/home.html.erb within layouts/application
  Rendered pages/home.html.erb within layouts/application (Duration: 2.3ms | Allocations: 335)
  Rendered layout layouts/application.html.erb (Duration: 34.5ms | Allocations: 24671)
Completed 200 OK in 52ms (Views: 39.5ms | ActiveRecord: 0.0ms | Allocations: 28746)


Started GET "/" for ::1 at 2023-05-25 09:28:03 -0300
Processing by PagesController#home as HTML
  Rendering layout layouts/application.html.erb
  Rendering pages/home.html.erb within layouts/application
  Rendered pages/home.html.erb within layouts/application (Duration: 0.0ms | Allocations: 9)
  Rendered layout layouts/application.html.erb (Duration: 15.9ms | Allocations: 3710)
Completed 200 OK in 17ms (Views: 16.7ms | ActiveRecord: 0.0ms | Allocations: 4015)


Started GET "/" for ::1 at 2023-05-25 09:34:44 -0300
Processing by PagesController#home as HTML
  Rendering layout layouts/application.html.erb
  Rendering pages/home.html.erb within layouts/application
  Rendered pages/home.html.erb within layouts/application (Duration: 0.8ms | Allocations: 124)
  Rendered layout layouts/application.html.erb (Duration: 5.6ms | Allocations: 2393)
Completed 200 OK in 12ms (Views: 8.2ms | Allocations: 3306)


Started GET "/" for ::1 at 2023-05-25 09:36:32 -0300
Processing by PagesController#home as HTML
  Rendering layout layouts/application.html.erb
  Rendering pages/home.html.erb within layouts/application
  Rendered pages/home.html.erb within layouts/application (Duration: 0.0ms | Allocations: 7)
  Rendered layout layouts/application.html.erb (Duration: 13.9ms | Allocations: 3498)
Completed 200 OK in 15ms (Views: 14.3ms | Allocations: 3751)


Started GET "/" for ::1 at 2023-05-25 09:36:54 -0300
Processing by PagesController#home as HTML
  Rendering layout layouts/application.html.erb
  Rendering pages/home.html.erb within layouts/application
  Rendered pages/home.html.erb within layouts/application (Duration: 0.1ms | Allocations: 7)
  Rendered layout layouts/application.html.erb (Duration: 22.2ms | Allocations: 1834)
Completed 200 OK in 23ms (Views: 23.0ms | Allocations: 2070)


Started GET "/" for ::1 at 2023-05-25 09:48:38 -0300
Processing by PagesController#home as HTML
  Rendering layout layouts/application.html.erb
  Rendering pages/home.html.erb within layouts/application
  Rendered pages/home.html.erb within layouts/application (Duration: 0.4ms | Allocations: 335)
  Rendered layout layouts/application.html.erb (Duration: 137.8ms | Allocations: 67390)
Completed 500 Internal Server Error in 142ms (ActiveRecord: 0.0ms | Allocations: 71419)


  
ActionView::Template::Error (The asset "application.js" is not present in the asset pipeline.
):
     7:     <%= csp_meta_tag %>
     8: 
     9:     <%= stylesheet_link_tag "application", "data-turbo-track": "reload" %>
    10:     <%= javascript_include_tag "application", "data-turbo-track": "reload", defer: true %>
    11:   </head>
    12: 
    13:   <body>
  
app/views/layouts/application.html.erb:10
Started GET "/" for ::1 at 2023-05-25 09:48:51 -0300
Processing by PagesController#home as HTML
  Rendering layout layouts/application.html.erb
  Rendering pages/home.html.erb within layouts/application
  Rendered pages/home.html.erb within layouts/application (Duration: 0.5ms | Allocations: 335)
  Rendered layout layouts/application.html.erb (Duration: 54.9ms | Allocations: 20912)
Completed 500 Internal Server Error in 60ms (ActiveRecord: 0.0ms | Allocations: 24940)


  
ActionView::Template::Error (The asset "application.js" is not present in the asset pipeline.
):
     7:     <%= csp_meta_tag %>
     8: 
     9:     <%= stylesheet_link_tag "application", "data-turbo-track": "reload" %>
    10:     <%= javascript_include_tag "application", "data-turbo-track": "reload", defer: true %>
    11:   </head>
    12: 
    13:   <body>
  
app/views/layouts/application.html.erb:10
Started GET "/" for ::1 at 2023-05-25 09:48:58 -0300
Processing by PagesController#home as HTML
  Rendering layout layouts/application.html.erb
  Rendering pages/home.html.erb within layouts/application
  Rendered pages/home.html.erb within layouts/application (Duration: 0.6ms | Allocations: 123)
  Rendered layout layouts/application.html.erb (Duration: 4.2ms | Allocations: 1859)
Completed 200 OK in 8ms (Views: 6.6ms | ActiveRecord: 0.0ms | Allocations: 2815)


Started GET "/" for ::1 at 2023-05-25 09:57:29 -0300
Processing by PagesController#home as HTML
  Rendering layout layouts/application.html.erb
  Rendering pages/home.html.erb within layouts/application
  Rendered pages/home.html.erb within layouts/application (Duration: 0.4ms | Allocations: 335)
  Rendered layout layouts/application.html.erb (Duration: 2.4ms | Allocations: 1476)
Completed 200 OK in 8ms (Views: 4.1ms | ActiveRecord: 0.0ms | Allocations: 5554)


Started GET "/" for ::1 at 2023-05-25 09:57:31 -0300
Processing by PagesController#home as HTML
  Rendering layout layouts/application.html.erb
  Rendering pages/home.html.erb within layouts/application
  Rendered pages/home.html.erb within layouts/application (Duration: 0.1ms | Allocations: 9)
  Rendered layout layouts/application.html.erb (Duration: 4.8ms | Allocations: 565)
Completed 200 OK in 12ms (Views: 11.1ms | ActiveRecord: 0.0ms | Allocations: 870)


Started GET "/" for ::1 at 2023-05-25 09:57:32 -0300
Processing by PagesController#home as HTML
  Rendering layout layouts/application.html.erb
  Rendering pages/home.html.erb within layouts/application
  Rendered pages/home.html.erb within layouts/application (Duration: 0.0ms | Allocations: 7)
  Rendered layout layouts/application.html.erb (Duration: 5.8ms | Allocations: 479)
Completed 200 OK in 7ms (Views: 6.4ms | ActiveRecord: 0.0ms | Allocations: 722)


Started GET "/" for ::1 at 2023-05-25 09:57:33 -0300
Processing by PagesController#home as HTML
  Rendering layout layouts/application.html.erb
  Rendering pages/home.html.erb within layouts/application
  Rendered pages/home.html.erb within layouts/application (Duration: 0.0ms | Allocations: 7)
  Rendered layout layouts/application.html.erb (Duration: 6.3ms | Allocations: 464)
Completed 200 OK in 7ms (Views: 6.9ms | ActiveRecord: 0.0ms | Allocations: 707)


Started GET "/" for ::1 at 2023-05-25 09:57:38 -0300
Processing by PagesController#home as HTML
  Rendering layout layouts/application.html.erb
  Rendering pages/home.html.erb within layouts/application
  Rendered pages/home.html.erb within layouts/application (Duration: 0.0ms | Allocations: 7)
  Rendered layout layouts/application.html.erb (Duration: 1.4ms | Allocations: 452)
Completed 200 OK in 2ms (Views: 2.0ms | ActiveRecord: 0.0ms | Allocations: 697)


Started GET "/" for ::1 at 2023-05-25 09:59:14 -0300
Processing by PagesController#home as HTML
  Rendering layout layouts/application.html.erb
  Rendering pages/home.html.erb within layouts/application
  Rendered pages/home.html.erb within layouts/application (Duration: 0.3ms | Allocations: 335)
  Rendered layout layouts/application.html.erb (Duration: 2232.2ms | Allocations: 100423)
Completed 200 OK in 2236ms (Views: 2233.5ms | ActiveRecord: 0.0ms | Allocations: 104499)


Started GET "/" for ::1 at 2023-05-25 09:59:53 -0300
Processing by PagesController#home as HTML
  Rendering layout layouts/application.html.erb
  Rendering pages/home.html.erb within layouts/application
  Rendered pages/home.html.erb within layouts/application (Duration: 0.5ms | Allocations: 140)
  Rendered layout layouts/application.html.erb (Duration: 10.6ms | Allocations: 5495)
Completed 200 OK in 14ms (Views: 13.1ms | ActiveRecord: 0.0ms | Allocations: 6449)


Started GET "/..." for ::1 at 2023-05-25 09:59:53 -0300
  
ActionController::RoutingError (No route matches [GET] "/..."):
  
Started GET "/" for ::1 at 2023-05-25 10:00:45 -0300
Processing by PagesController#home as HTML
  Rendering layout layouts/application.html.erb
  Rendering pages/home.html.erb within layouts/application
  Rendered pages/home.html.erb within layouts/application (Duration: 0.4ms | Allocations: 346)
  Rendered layout layouts/application.html.erb (Duration: 3055.2ms | Allocations: 146126)
Completed 200 OK in 3060ms (Views: 3056.7ms | ActiveRecord: 0.0ms | Allocations: 150201)


Started GET "/..." for ::1 at 2023-05-25 10:00:48 -0300
  
ActionController::RoutingError (No route matches [GET] "/..."):
  
Started GET "/" for ::1 at 2023-05-25 10:01:06 -0300
Processing by PagesController#home as HTML
  Rendering layout layouts/application.html.erb
  Rendering pages/home.html.erb within layouts/application
  Rendered pages/home.html.erb within layouts/application (Duration: 0.6ms | Allocations: 137)
  Rendered layout layouts/application.html.erb (Duration: 14.3ms | Allocations: 7752)
Completed 200 OK in 19ms (Views: 18.0ms | ActiveRecord: 0.0ms | Allocations: 8667)


Started GET "/..." for ::1 at 2023-05-25 10:01:06 -0300
  
ActionController::RoutingError (No route matches [GET] "/..."):
  
Started GET "/" for ::1 at 2023-05-25 10:02:42 -0300
Processing by PagesController#home as HTML
  Rendering layout layouts/application.html.erb
  Rendering pages/home.html.erb within layouts/application
  Rendered pages/home.html.erb within layouts/application (Duration: 3.5ms | Allocations: 367)
  Rendered layout layouts/application.html.erb (Duration: 55.6ms | Allocations: 41271)
Completed 200 OK in 67ms (Views: 59.0ms | ActiveRecord: 0.0ms | Allocations: 45489)


Started GET "/..." for ::1 at 2023-05-25 10:02:43 -0300
  
ActionController::RoutingError (No route matches [GET] "/..."):
  
Started GET "/" for ::1 at 2023-05-25 10:03:11 -0300
Processing by PagesController#home as HTML
  Rendering layout layouts/application.html.erb
  Rendering pages/home.html.erb within layouts/application
  Rendered pages/home.html.erb within layouts/application (Duration: 0.3ms | Allocations: 367)
  Rendered layout layouts/application.html.erb (Duration: 794.0ms | Allocations: 57609)
Completed 200 OK in 817ms (Views: 803.1ms | ActiveRecord: 0.0ms | Allocations: 61708)


Started GET "/..." for ::1 at 2023-05-25 10:03:12 -0300
  
ActionController::RoutingError (No route matches [GET] "/..."):
  
Started GET "/" for ::1 at 2023-05-25 10:12:43 -0300
Processing by PagesController#home as HTML
  Rendering layout layouts/application.html.erb
  Rendering pages/home.html.erb within layouts/application
  Rendered pages/home.html.erb within layouts/application (Duration: 0.5ms | Allocations: 367)
  Rendered layout layouts/application.html.erb (Duration: 3424.7ms | Allocations: 109585)
Completed 200 OK in 3443ms (Views: 3429.5ms | ActiveRecord: 0.0ms | Allocations: 113683)


Started GET "/..." for ::1 at 2023-05-25 10:12:46 -0300
  
ActionController::RoutingError (No route matches [GET] "/..."):
  
Started GET "/" for ::1 at 2023-05-25 10:14:45 -0300
Processing by PagesController#home as HTML
  Rendering layout layouts/application.html.erb
  Rendering pages/home.html.erb within layouts/application
  Rendered pages/home.html.erb within layouts/application (Duration: 48.1ms | Allocations: 45516)
  Rendered layout layouts/application.html.erb (Duration: 52.9ms | Allocations: 53633)
Completed 200 OK in 71ms (Views: 57.8ms | ActiveRecord: 0.0ms | Allocations: 57731)


Started GET "/..." for ::1 at 2023-05-25 10:14:45 -0300
  
ActionController::RoutingError (No route matches [GET] "/..."):
  
Started GET "/" for ::1 at 2023-05-25 10:15:50 -0300
Processing by PagesController#home as HTML
  Rendering layout layouts/application.html.erb
  Rendering pages/home.html.erb within layouts/application
  Rendered pages/home.html.erb within layouts/application (Duration: 0.8ms | Allocations: 141)
  Rendered layout layouts/application.html.erb (Duration: 3252.6ms | Allocations: 70234)
Completed 200 OK in 3256ms (Views: 3255.4ms | ActiveRecord: 0.0ms | Allocations: 71149)


Started GET "/..." for ::1 at 2023-05-25 10:15:53 -0300
  
ActionController::RoutingError (No route matches [GET] "/..."):
  
Started GET "/" for ::1 at 2023-05-25 10:20:44 -0300
Processing by PagesController#home as HTML
  Rendering layout layouts/application.html.erb
  Rendering pages/home.html.erb within layouts/application
  Rendered pages/home.html.erb within layouts/application (Duration: 1.5ms | Allocations: 352)
  Rendered layout layouts/application.html.erb (Duration: 3394.4ms | Allocations: 122146)
Completed 200 OK in 3411ms (Views: 3399.3ms | ActiveRecord: 0.0ms | Allocations: 126244)


Started GET "/..." for ::1 at 2023-05-25 10:20:48 -0300
  
ActionController::RoutingError (No route matches [GET] "/..."):
  
Started GET "/" for ::1 at 2023-05-25 10:22:03 -0300
Processing by PagesController#home as HTML
  Rendering layout layouts/application.html.erb
  Rendering pages/home.html.erb within layouts/application
  Rendered pages/home.html.erb within layouts/application (Duration: 0.6ms | Allocations: 352)
  Rendered layout layouts/application.html.erb (Duration: 39.1ms | Allocations: 45144)
Completed 200 OK in 67ms (Views: 52.6ms | ActiveRecord: 0.0ms | Allocations: 49243)


Started GET "/..." for ::1 at 2023-05-25 10:22:03 -0300
  
ActionController::RoutingError (No route matches [GET] "/..."):
  
Started GET "/" for ::1 at 2023-05-25 10:23:42 -0300
Processing by PagesController#home as HTML
  Rendering layout layouts/application.html.erb
  Rendering pages/home.html.erb within layouts/application
  Rendered pages/home.html.erb within layouts/application (Duration: 1.2ms | Allocations: 155)
  Rendered layout layouts/application.html.erb (Duration: 25.6ms | Allocations: 11390)
Completed 200 OK in 31ms (Views: 29.4ms | ActiveRecord: 0.0ms | Allocations: 12305)


Started GET "/" for ::1 at 2023-05-25 10:24:33 -0300
Processing by PagesController#home as HTML
  Rendering layout layouts/application.html.erb
  Rendering pages/home.html.erb within layouts/application
  Rendered pages/home.html.erb within layouts/application (Duration: 0.9ms | Allocations: 163)
  Rendered layout layouts/application.html.erb (Duration: 3313.2ms | Allocations: 76121)
Completed 200 OK in 3317ms (Views: 3316.6ms | ActiveRecord: 0.0ms | Allocations: 77040)


Started GET "/" for ::1 at 2023-05-25 10:25:04 -0300
Processing by PagesController#home as HTML
  Rendering layout layouts/application.html.erb
  Rendering pages/home.html.erb within layouts/application
  Rendered pages/home.html.erb within layouts/application (Duration: 0.1ms | Allocations: 7)
  Rendered layout layouts/application.html.erb (Duration: 3140.4ms | Allocations: 74883)
Completed 200 OK in 3142ms (Views: 3141.1ms | ActiveRecord: 0.0ms | Allocations: 75147)


Started GET "/" for ::1 at 2023-05-25 10:25:39 -0300
Processing by PagesController#home as HTML
  Rendering layout layouts/application.html.erb
  Rendering pages/home.html.erb within layouts/application
  Rendered pages/home.html.erb within layouts/application (Duration: 1.2ms | Allocations: 168)
  Rendered layout layouts/application.html.erb (Duration: 15.8ms | Allocations: 9390)
Completed 200 OK in 20ms (Views: 18.5ms | ActiveRecord: 0.0ms | Allocations: 10293)


Started GET "/" for ::1 at 2023-05-25 10:26:07 -0300
Processing by PagesController#home as HTML
  Rendering layout layouts/application.html.erb
  Rendering pages/home.html.erb within layouts/application
  Rendered pages/home.html.erb within layouts/application (Duration: 1.1ms | Allocations: 235)
  Rendered layout layouts/application.html.erb (Duration: 16.5ms | Allocations: 9467)
Completed 200 OK in 19ms (Views: 18.4ms | ActiveRecord: 0.0ms | Allocations: 10379)


Started GET "/" for ::1 at 2023-05-25 10:30:38 -0300
Processing by PagesController#home as HTML
  Rendering layout layouts/application.html.erb
  Rendering pages/home.html.erb within layouts/application
  Rendered pages/home.html.erb within layouts/application (Duration: 1.6ms | Allocations: 446)
  Rendered layout layouts/application.html.erb (Duration: 3540.9ms | Allocations: 122015)
Completed 200 OK in 3564ms (Views: 3547.4ms | ActiveRecord: 0.0ms | Allocations: 126113)


Started GET "/" for ::1 at 2023-05-25 10:30:54 -0300
Processing by PagesController#home as HTML
  Rendering layout layouts/application.html.erb
  Rendering pages/home.html.erb within layouts/application
  Rendered pages/home.html.erb within layouts/application (Duration: 0.1ms | Allocations: 9)
  Rendered layout layouts/application.html.erb (Duration: 103.5ms | Allocations: 11665)
Completed 200 OK in 104ms (Views: 104.1ms | ActiveRecord: 0.0ms | Allocations: 11970)


Started GET "/" for ::1 at 2023-05-25 10:32:58 -0300
Processing by PagesController#home as HTML
  Rendering layout layouts/application.html.erb
  Rendering pages/home.html.erb within layouts/application
  Rendered pages/home.html.erb within layouts/application (Duration: 3.2ms | Allocations: 470)
  Rendered layout layouts/application.html.erb (Duration: 73.8ms | Allocations: 56691)
Completed 200 OK in 102ms (Views: 83.0ms | ActiveRecord: 0.0ms | Allocations: 60789)


Started GET "/" for ::1 at 2023-05-25 10:33:13 -0300
Processing by PagesController#home as HTML
  Rendering layout layouts/application.html.erb
  Rendering pages/home.html.erb within layouts/application
  Rendered pages/home.html.erb within layouts/application (Duration: 0.8ms | Allocations: 263)
Started GET "/" for ::1 at 2023-05-25 10:33:15 -0300
Processing by PagesController#home as HTML
  Rendering layout layouts/application.html.erb
  Rendering pages/home.html.erb within layouts/application
  Rendered pages/home.html.erb within layouts/application (Duration: 0.0ms | Allocations: 7)
  Rendered layout layouts/application.html.erb (Duration: 5755.9ms | Allocations: 151098)
Completed 200 OK in 5773ms (Views: 5771.6ms | ActiveRecord: 0.0ms | Allocations: 152040)


  Rendered layout layouts/application.html.erb (Duration: 3165.1ms | Allocations: 86024)
Completed 200 OK in 3165ms (Views: 3165.3ms | ActiveRecord: 0.0ms | Allocations: 86291)


Started GET "/" for ::1 at 2023-05-25 10:36:03 -0300
Processing by PagesController#home as HTML
  Rendering layout layouts/application.html.erb
  Rendering pages/home.html.erb within layouts/application
  Rendered pages/home.html.erb within layouts/application (Duration: 3.2ms | Allocations: 470)
  Rendered layout layouts/application.html.erb (Duration: 86.6ms | Allocations: 57626)
Completed 200 OK in 108ms (Views: 92.3ms | ActiveRecord: 0.0ms | Allocations: 61724)


Started GET "/" for ::1 at 2023-05-25 10:36:06 -0300
Processing by PagesController#home as HTML
  Rendering layout layouts/application.html.erb
  Rendering pages/home.html.erb within layouts/application
  Rendered pages/home.html.erb within layouts/application (Duration: 0.1ms | Allocations: 9)
  Rendered layout layouts/application.html.erb (Duration: 146.2ms | Allocations: 11841)
Completed 200 OK in 147ms (Views: 146.8ms | ActiveRecord: 0.0ms | Allocations: 12146)


